android/app/build/intermediates/manifest_merge_blame_file/release/manifest-merger-blame-release-report.txt
1<?xml version="1.0" encoding="utf-8"?>
2<manifest xmlns:android="http://schemas.android.com/apk/res/android"
3    package="com.sihaHealth"
4    android:versionCode="2"
5    android:versionName="2.3" >
6
7    <uses-sdk
8        android:minSdkVersion="23"
9        android:targetSdkVersion="34" />
10
11    <uses-permission android:name="android.permission.INTERNET" />
11-->src/main/AndroidManifest.xml:2:5-67
11-->src/main/AndroidManifest.xml:2:22-64
12    <uses-permission android:name="android.permission.ACCESS_NETWORK_STATE" />
12-->src/main/AndroidManifest.xml:3:5-79
12-->src/main/AndroidManifest.xml:3:22-76
13    <uses-permission android:name="android.permission.ACCESS_FINE_LOCATION" />
13-->src/main/AndroidManifest.xml:4:5-78
13-->src/main/AndroidManifest.xml:4:22-76
14    <uses-permission android:name="android.permission.ACCESS_COARSE_LOCATION" />
14-->src/main/AndroidManifest.xml:5:5-80
14-->src/main/AndroidManifest.xml:5:22-78
15    <uses-permission android:name="android.permission.CAMERA" />
15-->src/main/AndroidManifest.xml:6:5-64
15-->src/main/AndroidManifest.xml:6:22-62
16    <uses-permission android:name="android.permission.READ_EXTERNAL_STORAGE" />
16-->src/main/AndroidManifest.xml:7:5-79
16-->src/main/AndroidManifest.xml:7:22-77
17    <uses-permission android:name="android.permission.WRITE_EXTERNAL_STORAGE" />
17-->src/main/AndroidManifest.xml:8:5-80
17-->src/main/AndroidManifest.xml:8:22-78
18    <uses-permission android:name="android.permission.POST_NOTIFICATIONS" />
18-->src/main/AndroidManifest.xml:9:1-72
18-->src/main/AndroidManifest.xml:9:18-70
19    <uses-permission android:name="android.permission.WAKE_LOCK" /> <!-- Required to check whether Wi-Fi is enabled -->
19-->[:react-native-firebase_messaging] AndroidManifest.xml:8:5-68
19-->[:react-native-firebase_messaging] AndroidManifest.xml:8:22-65
20    <uses-permission android:name="android.permission.ACCESS_WIFI_STATE" /> <!-- Required to to download files without a notification -->
20-->[:react-native-blob-util] AndroidManifest.xml:23:5-76
20-->[:react-native-blob-util] AndroidManifest.xml:23:22-73
21    <uses-permission android:name="android.permission.DOWNLOAD_WITHOUT_NOTIFICATION" />
21-->[:react-native-blob-util] AndroidManifest.xml:32:5-88
21-->[:react-native-blob-util] AndroidManifest.xml:32:22-85
22
23    <queries>
23-->[:react-native-image-crop-picker] AndroidManifest.xml:7:5-11:15
24        <intent>
24-->[:react-native-image-crop-picker] AndroidManifest.xml:8:9-10:18
25            <action android:name="android.media.action.IMAGE_CAPTURE" />
25-->[:react-native-image-crop-picker] AndroidManifest.xml:9:13-73
25-->[:react-native-image-crop-picker] AndroidManifest.xml:9:21-70
26        </intent>
27        <!-- Needs to be explicitly declared on Android R+ -->
28        <package android:name="com.google.android.apps.maps" />
28-->[com.google.android.gms:play-services-maps:18.2.0] AndroidManifest.xml:33:9-64
28-->[com.google.android.gms:play-services-maps:18.2.0] AndroidManifest.xml:33:18-61
29    </queries> <!-- Required by older versions of Google Play services to create IID tokens -->
30    <uses-permission android:name="com.google.android.c2dm.permission.RECEIVE" />
30-->[com.google.firebase:firebase-messaging:23.4.0] AndroidManifest.xml:26:5-82
30-->[com.google.firebase:firebase-messaging:23.4.0] AndroidManifest.xml:26:22-79
31    <uses-permission android:name="com.google.android.gms.permission.AD_ID" />
31-->[com.google.android.gms:play-services-measurement-api:21.5.0] AndroidManifest.xml:25:5-79
31-->[com.google.android.gms:play-services-measurement-api:21.5.0] AndroidManifest.xml:25:22-76
32    <uses-permission android:name="android.permission.ACCESS_ADSERVICES_ATTRIBUTION" />
32-->[com.google.android.gms:play-services-measurement-api:21.5.0] AndroidManifest.xml:26:5-88
32-->[com.google.android.gms:play-services-measurement-api:21.5.0] AndroidManifest.xml:26:22-85
33    <uses-permission android:name="android.permission.ACCESS_ADSERVICES_AD_ID" />
33-->[com.google.android.gms:play-services-measurement-api:21.5.0] AndroidManifest.xml:27:5-82
33-->[com.google.android.gms:play-services-measurement-api:21.5.0] AndroidManifest.xml:27:22-79
34
35    <uses-feature
35-->[com.google.android.gms:play-services-maps:18.2.0] AndroidManifest.xml:26:5-28:35
36        android:glEsVersion="0x00020000"
36-->[com.google.android.gms:play-services-maps:18.2.0] AndroidManifest.xml:27:9-41
37        android:required="true" />
37-->[com.google.android.gms:play-services-maps:18.2.0] AndroidManifest.xml:28:9-32
38
39    <uses-permission android:name="com.google.android.finsky.permission.BIND_GET_INSTALL_REFERRER_SERVICE" />
39-->[com.google.android.gms:play-services-measurement:21.5.0] AndroidManifest.xml:26:5-110
39-->[com.google.android.gms:play-services-measurement:21.5.0] AndroidManifest.xml:26:22-107
40    <uses-permission android:name="android.permission.RECEIVE_BOOT_COMPLETED" />
40-->[androidx.work:work-runtime:2.7.1] AndroidManifest.xml:27:5-81
40-->[androidx.work:work-runtime:2.7.1] AndroidManifest.xml:27:22-78
41    <uses-permission android:name="android.permission.FOREGROUND_SERVICE" />
41-->[androidx.work:work-runtime:2.7.1] AndroidManifest.xml:28:5-77
41-->[androidx.work:work-runtime:2.7.1] AndroidManifest.xml:28:22-74
42
43    <permission
43-->[androidx.core:core:1.12.0] AndroidManifest.xml:22:5-24:47
44        android:name="com.sihaHealth.DYNAMIC_RECEIVER_NOT_EXPORTED_PERMISSION"
44-->[androidx.core:core:1.12.0] AndroidManifest.xml:23:9-81
45        android:protectionLevel="signature" />
45-->[androidx.core:core:1.12.0] AndroidManifest.xml:24:9-44
46
47    <uses-permission android:name="com.sihaHealth.DYNAMIC_RECEIVER_NOT_EXPORTED_PERMISSION" />
47-->[androidx.core:core:1.12.0] AndroidManifest.xml:26:5-97
47-->[androidx.core:core:1.12.0] AndroidManifest.xml:26:22-94
48
49    <application
49-->src/main/AndroidManifest.xml:11:5-43:19
50        android:name="com.sihaHealth.MainApplication"
50-->src/main/AndroidManifest.xml:12:7-38
51        android:allowBackup="false"
51-->src/main/AndroidManifest.xml:16:7-34
52        android:appComponentFactory="androidx.core.app.CoreComponentFactory"
52-->[androidx.core:core:1.12.0] AndroidManifest.xml:28:18-86
53        android:extractNativeLibs="false"
54        android:icon="@mipmap/ic_launcher"
54-->src/main/AndroidManifest.xml:14:7-41
55        android:label="@string/app_name"
55-->src/main/AndroidManifest.xml:13:7-39
56        android:roundIcon="@mipmap/ic_launcher_round"
56-->src/main/AndroidManifest.xml:15:7-52
57        android:theme="@style/AppTheme" >
57-->src/main/AndroidManifest.xml:17:7-38
58        <activity
58-->src/main/AndroidManifest.xml:18:7-29:18
59            android:name="com.sihaHealth.MainActivity"
59-->src/main/AndroidManifest.xml:19:9-37
60            android:configChanges="keyboard|keyboardHidden|orientation|screenLayout|screenSize|smallestScreenSize|uiMode"
60-->src/main/AndroidManifest.xml:21:9-118
61            android:exported="true"
61-->src/main/AndroidManifest.xml:24:9-32
62            android:label="@string/app_name"
62-->src/main/AndroidManifest.xml:20:9-41
63            android:launchMode="singleTask"
63-->src/main/AndroidManifest.xml:22:9-40
64            android:windowSoftInputMode="adjustResize" >
64-->src/main/AndroidManifest.xml:23:9-51
65            <intent-filter>
65-->src/main/AndroidManifest.xml:25:9-28:25
66                <action android:name="android.intent.action.MAIN" />
66-->src/main/AndroidManifest.xml:26:13-65
66-->src/main/AndroidManifest.xml:26:21-62
67
68                <category android:name="android.intent.category.LAUNCHER" />
68-->src/main/AndroidManifest.xml:27:13-73
68-->src/main/AndroidManifest.xml:27:23-70
69            </intent-filter>
70        </activity>
71
72        <meta-data
72-->src/main/AndroidManifest.xml:30:9-32:70
73            android:name="com.google.android.geo.API_KEY"
73-->src/main/AndroidManifest.xml:31:13-58
74            android:value="AIzaSyDMuLH48GaqpZKsIaXCbNJvnpDezRoEmWQ" />
74-->src/main/AndroidManifest.xml:32:13-68
75
76        <provider
77            android:name="com.vinzscam.reactnativefileviewer.FileProvider"
77-->src/main/AndroidManifest.xml:34:3-65
78            android:authorities="com.sihaHealth.provider"
78-->src/main/AndroidManifest.xml:35:3-50
79            android:exported="false"
79-->src/main/AndroidManifest.xml:36:3-27
80            android:grantUriPermissions="true" >
80-->src/main/AndroidManifest.xml:37:3-37
81            <meta-data
81-->src/main/AndroidManifest.xml:38:3-41:5
82                android:name="android.support.FILE_PROVIDER_PATHS"
82-->src/main/AndroidManifest.xml:39:4-54
83                android:resource="@xml/file_viewer_provider_paths" />
83-->src/main/AndroidManifest.xml:40:4-54
84        </provider>
85
86        <service
86-->[:react-native-firebase_messaging] AndroidManifest.xml:12:9-14:40
87            android:name="io.invertase.firebase.messaging.ReactNativeFirebaseMessagingHeadlessService"
87-->[:react-native-firebase_messaging] AndroidManifest.xml:13:13-103
88            android:exported="false" />
88-->[:react-native-firebase_messaging] AndroidManifest.xml:14:13-37
89        <service
89-->[:react-native-firebase_messaging] AndroidManifest.xml:15:9-21:19
90            android:name="io.invertase.firebase.messaging.ReactNativeFirebaseMessagingService"
90-->[:react-native-firebase_messaging] AndroidManifest.xml:16:13-95
91            android:exported="false" >
91-->[:react-native-firebase_messaging] AndroidManifest.xml:17:13-37
92            <intent-filter>
92-->[:react-native-firebase_messaging] AndroidManifest.xml:18:13-20:29
93                <action android:name="com.google.firebase.MESSAGING_EVENT" />
93-->[:react-native-firebase_messaging] AndroidManifest.xml:19:17-78
93-->[:react-native-firebase_messaging] AndroidManifest.xml:19:25-75
94            </intent-filter>
95        </service>
96
97        <receiver
97-->[:react-native-firebase_messaging] AndroidManifest.xml:23:9-30:20
98            android:name="io.invertase.firebase.messaging.ReactNativeFirebaseMessagingReceiver"
98-->[:react-native-firebase_messaging] AndroidManifest.xml:24:13-96
99            android:exported="true"
99-->[:react-native-firebase_messaging] AndroidManifest.xml:25:13-36
100            android:permission="com.google.android.c2dm.permission.SEND" >
100-->[:react-native-firebase_messaging] AndroidManifest.xml:26:13-73
101            <intent-filter>
101-->[:react-native-firebase_messaging] AndroidManifest.xml:27:13-29:29
102                <action android:name="com.google.android.c2dm.intent.RECEIVE" />
102-->[:react-native-firebase_messaging] AndroidManifest.xml:28:17-81
102-->[:react-native-firebase_messaging] AndroidManifest.xml:28:25-78
103            </intent-filter>
104        </receiver>
105
106        <meta-data
106-->[:react-native-firebase_messaging] AndroidManifest.xml:32:9-34:36
107            android:name="firebase_messaging_auto_init_enabled"
107-->[:react-native-firebase_messaging] AndroidManifest.xml:33:13-64
108            android:value="true" />
108-->[:react-native-firebase_messaging] AndroidManifest.xml:34:13-33
109        <meta-data
109-->[:react-native-firebase_messaging] AndroidManifest.xml:35:9-37:32
110            android:name="com.google.firebase.messaging.default_notification_channel_id"
110-->[:react-native-firebase_messaging] AndroidManifest.xml:36:13-89
111            android:value="" />
111-->[:react-native-firebase_messaging] AndroidManifest.xml:37:13-29
112        <meta-data
112-->[:react-native-firebase_messaging] AndroidManifest.xml:38:9-40:47
113            android:name="com.google.firebase.messaging.default_notification_color"
113-->[:react-native-firebase_messaging] AndroidManifest.xml:39:13-84
114            android:resource="@color/white" />
114-->[:react-native-firebase_messaging] AndroidManifest.xml:40:13-44
115        <meta-data
115-->[:react-native-firebase_app] AndroidManifest.xml:9:9-11:36
116            android:name="app_data_collection_default_enabled"
116-->[:react-native-firebase_app] AndroidManifest.xml:10:13-63
117            android:value="true" />
117-->[:react-native-firebase_app] AndroidManifest.xml:11:13-33
118
119        <service
119-->[:react-native-firebase_app] AndroidManifest.xml:13:9-21:19
120            android:name="com.google.firebase.components.ComponentDiscoveryService"
120-->[:react-native-firebase_app] AndroidManifest.xml:14:13-84
121            android:directBootAware="true"
121-->[:react-native-firebase_app] AndroidManifest.xml:15:13-43
122            android:exported="false" >
122-->[:react-native-firebase_app] AndroidManifest.xml:16:13-37
123            <meta-data
123-->[:react-native-firebase_app] AndroidManifest.xml:18:13-20:85
124                android:name="com.google.firebase.components:io.invertase.firebase.app.ReactNativeFirebaseAppRegistrar"
124-->[:react-native-firebase_app] AndroidManifest.xml:19:17-120
125                android:value="com.google.firebase.components.ComponentRegistrar" />
125-->[:react-native-firebase_app] AndroidManifest.xml:20:17-82
126            <meta-data
126-->[com.google.firebase:firebase-messaging:23.4.0] AndroidManifest.xml:57:13-59:85
127                android:name="com.google.firebase.components:com.google.firebase.messaging.FirebaseMessagingKtxRegistrar"
127-->[com.google.firebase:firebase-messaging:23.4.0] AndroidManifest.xml:58:17-122
128                android:value="com.google.firebase.components.ComponentRegistrar" />
128-->[com.google.firebase:firebase-messaging:23.4.0] AndroidManifest.xml:59:17-82
129            <meta-data
129-->[com.google.firebase:firebase-messaging:23.4.0] AndroidManifest.xml:60:13-62:85
130                android:name="com.google.firebase.components:com.google.firebase.messaging.FirebaseMessagingRegistrar"
130-->[com.google.firebase:firebase-messaging:23.4.0] AndroidManifest.xml:61:17-119
131                android:value="com.google.firebase.components.ComponentRegistrar" />
131-->[com.google.firebase:firebase-messaging:23.4.0] AndroidManifest.xml:62:17-82
132            <meta-data
132-->[com.google.android.gms:play-services-measurement-api:21.5.0] AndroidManifest.xml:37:13-39:85
133                android:name="com.google.firebase.components:com.google.firebase.analytics.connector.internal.AnalyticsConnectorRegistrar"
133-->[com.google.android.gms:play-services-measurement-api:21.5.0] AndroidManifest.xml:38:17-139
134                android:value="com.google.firebase.components.ComponentRegistrar" />
134-->[com.google.android.gms:play-services-measurement-api:21.5.0] AndroidManifest.xml:39:17-82
135            <meta-data
135-->[com.google.firebase:firebase-installations:17.2.0] AndroidManifest.xml:15:13-17:85
136                android:name="com.google.firebase.components:com.google.firebase.installations.FirebaseInstallationsKtxRegistrar"
136-->[com.google.firebase:firebase-installations:17.2.0] AndroidManifest.xml:16:17-130
137                android:value="com.google.firebase.components.ComponentRegistrar" />
137-->[com.google.firebase:firebase-installations:17.2.0] AndroidManifest.xml:17:17-82
138            <meta-data
138-->[com.google.firebase:firebase-installations:17.2.0] AndroidManifest.xml:18:13-20:85
139                android:name="com.google.firebase.components:com.google.firebase.installations.FirebaseInstallationsRegistrar"
139-->[com.google.firebase:firebase-installations:17.2.0] AndroidManifest.xml:19:17-127
140                android:value="com.google.firebase.components.ComponentRegistrar" />
140-->[com.google.firebase:firebase-installations:17.2.0] AndroidManifest.xml:20:17-82
141            <meta-data
141-->[com.google.firebase:firebase-common-ktx:20.4.2] AndroidManifest.xml:12:13-14:85
142                android:name="com.google.firebase.components:com.google.firebase.ktx.FirebaseCommonLegacyRegistrar"
142-->[com.google.firebase:firebase-common-ktx:20.4.2] AndroidManifest.xml:13:17-116
143                android:value="com.google.firebase.components.ComponentRegistrar" />
143-->[com.google.firebase:firebase-common-ktx:20.4.2] AndroidManifest.xml:14:17-82
144            <meta-data
144-->[com.google.firebase:firebase-common:20.4.2] AndroidManifest.xml:35:13-37:85
145                android:name="com.google.firebase.components:com.google.firebase.FirebaseCommonKtxRegistrar"
145-->[com.google.firebase:firebase-common:20.4.2] AndroidManifest.xml:36:17-109
146                android:value="com.google.firebase.components.ComponentRegistrar" />
146-->[com.google.firebase:firebase-common:20.4.2] AndroidManifest.xml:37:17-82
147            <meta-data
147-->[com.google.firebase:firebase-datatransport:18.1.7] AndroidManifest.xml:27:13-29:85
148                android:name="com.google.firebase.components:com.google.firebase.datatransport.TransportRegistrar"
148-->[com.google.firebase:firebase-datatransport:18.1.7] AndroidManifest.xml:28:17-115
149                android:value="com.google.firebase.components.ComponentRegistrar" />
149-->[com.google.firebase:firebase-datatransport:18.1.7] AndroidManifest.xml:29:17-82
150        </service>
151
152        <provider
152-->[:react-native-firebase_app] AndroidManifest.xml:23:9-27:38
153            android:name="io.invertase.firebase.app.ReactNativeFirebaseAppInitProvider"
153-->[:react-native-firebase_app] AndroidManifest.xml:24:13-88
154            android:authorities="com.sihaHealth.reactnativefirebaseappinitprovider"
154-->[:react-native-firebase_app] AndroidManifest.xml:25:13-86
155            android:exported="false"
155-->[:react-native-firebase_app] AndroidManifest.xml:26:13-37
156            android:initOrder="99" />
156-->[:react-native-firebase_app] AndroidManifest.xml:27:13-35
157        <provider
157-->[:react-native-blob-util] AndroidManifest.xml:35:9-43:20
158            android:name="com.ReactNativeBlobUtil.Utils.FileProvider"
158-->[:react-native-blob-util] AndroidManifest.xml:36:13-70
159            android:authorities="com.sihaHealth.provider"
159-->[:react-native-blob-util] AndroidManifest.xml:37:13-60
160            android:exported="false"
160-->[:react-native-blob-util] AndroidManifest.xml:38:13-37
161            android:grantUriPermissions="true" >
161-->[:react-native-blob-util] AndroidManifest.xml:39:13-47
162            <meta-data
162-->src/main/AndroidManifest.xml:38:3-41:5
163                android:name="android.support.FILE_PROVIDER_PATHS"
163-->src/main/AndroidManifest.xml:39:4-54
164                android:resource="@xml/provider_paths" />
164-->src/main/AndroidManifest.xml:40:4-54
165        </provider>
166        <provider
166-->[:react-native-image-crop-picker] AndroidManifest.xml:16:9-24:20
167            android:name="com.reactnative.ivpusic.imagepicker.IvpusicImagePickerFileProvider"
167-->[:react-native-image-crop-picker] AndroidManifest.xml:17:13-94
168            android:authorities="com.sihaHealth.provider"
168-->[:react-native-image-crop-picker] AndroidManifest.xml:18:13-60
169            android:exported="false"
169-->[:react-native-image-crop-picker] AndroidManifest.xml:19:13-37
170            android:grantUriPermissions="true" >
170-->[:react-native-image-crop-picker] AndroidManifest.xml:20:13-47
171            <meta-data
171-->src/main/AndroidManifest.xml:38:3-41:5
172                android:name="android.support.FILE_PROVIDER_PATHS"
172-->src/main/AndroidManifest.xml:39:4-54
173                android:resource="@xml/ivpusic_imagepicker_provider_paths" />
173-->src/main/AndroidManifest.xml:40:4-54
174        </provider>
175
176        <activity
176-->[:react-native-image-crop-picker] AndroidManifest.xml:26:9-28:72
177            android:name="com.yalantis.ucrop.UCropActivity"
177-->[:react-native-image-crop-picker] AndroidManifest.xml:27:13-60
178            android:theme="@style/Theme.AppCompat.Light.NoActionBar" />
178-->[:react-native-image-crop-picker] AndroidManifest.xml:28:13-69
179
180        <provider
180-->[:react-native-image-picker] AndroidManifest.xml:8:9-16:20
181            android:name="com.imagepicker.ImagePickerProvider"
181-->[:react-native-image-picker] AndroidManifest.xml:9:13-63
182            android:authorities="com.sihaHealth.imagepickerprovider"
182-->[:react-native-image-picker] AndroidManifest.xml:10:13-71
183            android:exported="false"
183-->[:react-native-image-picker] AndroidManifest.xml:11:13-37
184            android:grantUriPermissions="true" >
184-->[:react-native-image-picker] AndroidManifest.xml:12:13-47
185            <meta-data
185-->src/main/AndroidManifest.xml:38:3-41:5
186                android:name="android.support.FILE_PROVIDER_PATHS"
186-->src/main/AndroidManifest.xml:39:4-54
187                android:resource="@xml/imagepicker_provider_paths" />
187-->src/main/AndroidManifest.xml:40:4-54
188        </provider>
189        <provider
189-->[:react-native-webview] AndroidManifest.xml:8:9-16:20
190            android:name="com.reactnativecommunity.webview.RNCWebViewFileProvider"
190-->[:react-native-webview] AndroidManifest.xml:9:13-83
191            android:authorities="com.sihaHealth.fileprovider"
191-->[:react-native-webview] AndroidManifest.xml:10:13-64
192            android:exported="false"
192-->[:react-native-webview] AndroidManifest.xml:11:13-37
193            android:grantUriPermissions="true" >
193-->[:react-native-webview] AndroidManifest.xml:12:13-47
194            <meta-data
194-->src/main/AndroidManifest.xml:38:3-41:5
195                android:name="android.support.FILE_PROVIDER_PATHS"
195-->src/main/AndroidManifest.xml:39:4-54
196                android:resource="@xml/file_provider_paths" />
196-->src/main/AndroidManifest.xml:40:4-54
197        </provider>
198
199        <receiver
199-->[com.google.firebase:firebase-messaging:23.4.0] AndroidManifest.xml:29:9-40:20
200            android:name="com.google.firebase.iid.FirebaseInstanceIdReceiver"
200-->[com.google.firebase:firebase-messaging:23.4.0] AndroidManifest.xml:30:13-78
201            android:exported="true"
201-->[com.google.firebase:firebase-messaging:23.4.0] AndroidManifest.xml:31:13-36
202            android:permission="com.google.android.c2dm.permission.SEND" >
202-->[com.google.firebase:firebase-messaging:23.4.0] AndroidManifest.xml:32:13-73
203            <intent-filter>
203-->[:react-native-firebase_messaging] AndroidManifest.xml:27:13-29:29
204                <action android:name="com.google.android.c2dm.intent.RECEIVE" />
204-->[:react-native-firebase_messaging] AndroidManifest.xml:28:17-81
204-->[:react-native-firebase_messaging] AndroidManifest.xml:28:25-78
205            </intent-filter>
206
207            <meta-data
207-->[com.google.firebase:firebase-messaging:23.4.0] AndroidManifest.xml:37:13-39:40
208                android:name="com.google.android.gms.cloudmessaging.FINISHED_AFTER_HANDLED"
208-->[com.google.firebase:firebase-messaging:23.4.0] AndroidManifest.xml:38:17-92
209                android:value="true" />
209-->[com.google.firebase:firebase-messaging:23.4.0] AndroidManifest.xml:39:17-37
210        </receiver>
211        <!--
212             FirebaseMessagingService performs security checks at runtime,
213             but set to not exported to explicitly avoid allowing another app to call it.
214        -->
215        <service
215-->[com.google.firebase:firebase-messaging:23.4.0] AndroidManifest.xml:46:9-53:19
216            android:name="com.google.firebase.messaging.FirebaseMessagingService"
216-->[com.google.firebase:firebase-messaging:23.4.0] AndroidManifest.xml:47:13-82
217            android:directBootAware="true"
217-->[com.google.firebase:firebase-messaging:23.4.0] AndroidManifest.xml:48:13-43
218            android:exported="false" >
218-->[com.google.firebase:firebase-messaging:23.4.0] AndroidManifest.xml:49:13-37
219            <intent-filter android:priority="-500" >
219-->[:react-native-firebase_messaging] AndroidManifest.xml:18:13-20:29
220                <action android:name="com.google.firebase.MESSAGING_EVENT" />
220-->[:react-native-firebase_messaging] AndroidManifest.xml:19:17-78
220-->[:react-native-firebase_messaging] AndroidManifest.xml:19:25-75
221            </intent-filter>
222        </service>
223
224        <property
224-->[com.google.android.gms:play-services-measurement-api:21.5.0] AndroidManifest.xml:30:9-32:61
225            android:name="android.adservices.AD_SERVICES_CONFIG"
225-->[com.google.android.gms:play-services-measurement-api:21.5.0] AndroidManifest.xml:31:13-65
226            android:resource="@xml/ga_ad_services_config" />
226-->[com.google.android.gms:play-services-measurement-api:21.5.0] AndroidManifest.xml:32:13-58
227
228        <provider
228-->[com.google.firebase:firebase-common:20.4.2] AndroidManifest.xml:23:9-28:39
229            android:name="com.google.firebase.provider.FirebaseInitProvider"
229-->[com.google.firebase:firebase-common:20.4.2] AndroidManifest.xml:24:13-77
230            android:authorities="com.sihaHealth.firebaseinitprovider"
230-->[com.google.firebase:firebase-common:20.4.2] AndroidManifest.xml:25:13-72
231            android:directBootAware="true"
231-->[com.google.firebase:firebase-common:20.4.2] AndroidManifest.xml:26:13-43
232            android:exported="false"
232-->[com.google.firebase:firebase-common:20.4.2] AndroidManifest.xml:27:13-37
233            android:initOrder="100" />
233-->[com.google.firebase:firebase-common:20.4.2] AndroidManifest.xml:28:13-36
234
235        <activity
235-->[com.google.android.gms:play-services-auth:20.7.0] AndroidManifest.xml:23:9-27:75
236            android:name="com.google.android.gms.auth.api.signin.internal.SignInHubActivity"
236-->[com.google.android.gms:play-services-auth:20.7.0] AndroidManifest.xml:24:13-93
237            android:excludeFromRecents="true"
237-->[com.google.android.gms:play-services-auth:20.7.0] AndroidManifest.xml:25:13-46
238            android:exported="false"
238-->[com.google.android.gms:play-services-auth:20.7.0] AndroidManifest.xml:26:13-37
239            android:theme="@android:style/Theme.Translucent.NoTitleBar" />
239-->[com.google.android.gms:play-services-auth:20.7.0] AndroidManifest.xml:27:13-72
240        <!--
241            Service handling Google Sign-In user revocation. For apps that do not integrate with
242            Google Sign-In, this service will never be started.
243        -->
244        <service
244-->[com.google.android.gms:play-services-auth:20.7.0] AndroidManifest.xml:33:9-37:51
245            android:name="com.google.android.gms.auth.api.signin.RevocationBoundService"
245-->[com.google.android.gms:play-services-auth:20.7.0] AndroidManifest.xml:34:13-89
246            android:exported="true"
246-->[com.google.android.gms:play-services-auth:20.7.0] AndroidManifest.xml:35:13-36
247            android:permission="com.google.android.gms.auth.api.signin.permission.REVOCATION_NOTIFICATION"
247-->[com.google.android.gms:play-services-auth:20.7.0] AndroidManifest.xml:36:13-107
248            android:visibleToInstantApps="true" />
248-->[com.google.android.gms:play-services-auth:20.7.0] AndroidManifest.xml:37:13-48
249
250        <meta-data
250-->[com.google.maps.android:android-maps-utils:3.8.2] AndroidManifest.xml:8:9-10:69
251            android:name="com.google.android.gms.version"
251-->[com.google.maps.android:android-maps-utils:3.8.2] AndroidManifest.xml:9:13-58
252            android:value="@integer/google_play_services_version" /> <!-- Needs to be explicitly declared on P+ -->
252-->[com.google.maps.android:android-maps-utils:3.8.2] AndroidManifest.xml:10:13-66
253        <uses-library
253-->[com.google.android.gms:play-services-maps:18.2.0] AndroidManifest.xml:39:9-41:40
254            android:name="org.apache.http.legacy"
254-->[com.google.android.gms:play-services-maps:18.2.0] AndroidManifest.xml:40:13-50
255            android:required="false" />
255-->[com.google.android.gms:play-services-maps:18.2.0] AndroidManifest.xml:41:13-37
256
257        <activity
257-->[com.google.android.gms:play-services-base:18.2.0] AndroidManifest.xml:20:9-22:45
258            android:name="com.google.android.gms.common.api.GoogleApiActivity"
258-->[com.google.android.gms:play-services-base:18.2.0] AndroidManifest.xml:20:19-85
259            android:exported="false"
259-->[com.google.android.gms:play-services-base:18.2.0] AndroidManifest.xml:22:19-43
260            android:theme="@android:style/Theme.Translucent.NoTitleBar" />
260-->[com.google.android.gms:play-services-base:18.2.0] AndroidManifest.xml:21:19-78
261
262        <receiver
262-->[com.google.android.gms:play-services-measurement:21.5.0] AndroidManifest.xml:29:9-33:20
263            android:name="com.google.android.gms.measurement.AppMeasurementReceiver"
263-->[com.google.android.gms:play-services-measurement:21.5.0] AndroidManifest.xml:30:13-85
264            android:enabled="true"
264-->[com.google.android.gms:play-services-measurement:21.5.0] AndroidManifest.xml:31:13-35
265            android:exported="false" >
265-->[com.google.android.gms:play-services-measurement:21.5.0] AndroidManifest.xml:32:13-37
266        </receiver>
267
268        <service
268-->[com.google.android.gms:play-services-measurement:21.5.0] AndroidManifest.xml:35:9-38:40
269            android:name="com.google.android.gms.measurement.AppMeasurementService"
269-->[com.google.android.gms:play-services-measurement:21.5.0] AndroidManifest.xml:36:13-84
270            android:enabled="true"
270-->[com.google.android.gms:play-services-measurement:21.5.0] AndroidManifest.xml:37:13-35
271            android:exported="false" />
271-->[com.google.android.gms:play-services-measurement:21.5.0] AndroidManifest.xml:38:13-37
272        <service
272-->[com.google.android.gms:play-services-measurement:21.5.0] AndroidManifest.xml:39:9-43:72
273            android:name="com.google.android.gms.measurement.AppMeasurementJobService"
273-->[com.google.android.gms:play-services-measurement:21.5.0] AndroidManifest.xml:40:13-87
274            android:enabled="true"